[0.069s] Invoking command in '/home/neel/ros2_ws/build/quadrotor_nmpc': CMAKE_PREFIX_PATH=${CMAKE_PREFIX_PATH}:/opt/ros/jazzy DEBUGINFOD_URLS=https://debuginfod.ubuntu.com /usr/bin/cmake --build /home/neel/ros2_ws/build/quadrotor_nmpc -- -j4 -l4
[0.108s] -- Found ament_cmake: 2.5.4 (/opt/ros/jazzy/share/ament_cmake/cmake)
[0.400s] -- Override CMake install command with custom implementation using symlinks instead of copying resources
[0.405s] -- Found rclcpp: 28.1.10 (/opt/ros/jazzy/share/rclcpp/cmake)
[0.434s] -- Found rosidl_generator_c: 4.6.5 (/opt/ros/jazzy/share/rosidl_generator_c/cmake)
[0.444s] -- Found rosidl_generator_cpp: 4.6.5 (/opt/ros/jazzy/share/rosidl_generator_cpp/cmake)
[0.457s] -- Using all available rosidl_typesupport_c: rosidl_typesupport_fastrtps_c;rosidl_typesupport_introspection_c
[0.469s] -- Using all available rosidl_typesupport_cpp: rosidl_typesupport_fastrtps_cpp;rosidl_typesupport_introspection_cpp
[0.519s] -- Found rmw_implementation_cmake: 7.3.2 (/opt/ros/jazzy/share/rmw_implementation_cmake/cmake)
[0.522s] -- Found rmw_fastrtps_cpp: 8.4.2 (/opt/ros/jazzy/share/rmw_fastrtps_cpp/cmake)
[0.612s] -- Using RMW implementation 'rmw_fastrtps_cpp' as default
[0.674s] -- Found nav_msgs: 5.3.6 (/opt/ros/jazzy/share/nav_msgs/cmake)
[0.722s] -- Found ament_lint_auto: 0.17.2 (/opt/ros/jazzy/share/ament_lint_auto/cmake)
[0.833s] -- Added test 'cppcheck' to perform static code analysis on C / C++ code
[0.834s] -- Configured cppcheck include dirs: 
[0.834s] -- Configured cppcheck exclude dirs and/or files: 
[0.836s] -- Added test 'lint_cmake' to check CMake code style
[0.837s] -- Added test 'uncrustify' to check C / C++ code style
[0.837s] -- Configured uncrustify additional arguments: 
[0.839s] -- Added test 'xmllint' to check XML markup files
[0.841s] -- Configuring done (0.7s)
[0.888s] -- Generating done (0.0s)
[0.900s] -- Build files have been written to: /home/neel/ros2_ws/build/quadrotor_nmpc
[0.972s] [ 50%] Built target nmpc_controller_node
[0.993s] [100%] Built target fake_odom_publisher
[1.023s] Invoked command in '/home/neel/ros2_ws/build/quadrotor_nmpc' returned '0': CMAKE_PREFIX_PATH=${CMAKE_PREFIX_PATH}:/opt/ros/jazzy DEBUGINFOD_URLS=https://debuginfod.ubuntu.com /usr/bin/cmake --build /home/neel/ros2_ws/build/quadrotor_nmpc -- -j4 -l4
[1.044s] Invoking command in '/home/neel/ros2_ws/build/quadrotor_nmpc': CMAKE_PREFIX_PATH=${CMAKE_PREFIX_PATH}:/opt/ros/jazzy DEBUGINFOD_URLS=https://debuginfod.ubuntu.com /usr/bin/cmake --install /home/neel/ros2_ws/build/quadrotor_nmpc
[1.073s] -- Install configuration: ""
[1.073s] -- Execute custom install script
[1.074s] -- Up-to-date symlink: /home/neel/ros2_ws/install/quadrotor_nmpc/lib/quadrotor_nmpc/nmpc_controller_node
[1.075s] -- Up-to-date symlink: /home/neel/ros2_ws/install/quadrotor_nmpc/lib/quadrotor_nmpc/fake_odom_publisher
[1.075s] -- Up-to-date symlink: /home/neel/ros2_ws/install/quadrotor_nmpc/share/ament_index/resource_index/package_run_dependencies/quadrotor_nmpc
[1.076s] -- Up-to-date symlink: /home/neel/ros2_ws/install/quadrotor_nmpc/share/ament_index/resource_index/parent_prefix_path/quadrotor_nmpc
[1.076s] -- Up-to-date symlink: /home/neel/ros2_ws/install/quadrotor_nmpc/share/quadrotor_nmpc/environment/ament_prefix_path.sh
[1.077s] -- Up-to-date symlink: /home/neel/ros2_ws/install/quadrotor_nmpc/share/quadrotor_nmpc/environment/ament_prefix_path.dsv
[1.077s] -- Up-to-date symlink: /home/neel/ros2_ws/install/quadrotor_nmpc/share/quadrotor_nmpc/environment/path.sh
[1.077s] -- Up-to-date symlink: /home/neel/ros2_ws/install/quadrotor_nmpc/share/quadrotor_nmpc/environment/path.dsv
[1.077s] -- Up-to-date symlink: /home/neel/ros2_ws/install/quadrotor_nmpc/share/quadrotor_nmpc/local_setup.bash
[1.078s] -- Up-to-date symlink: /home/neel/ros2_ws/install/quadrotor_nmpc/share/quadrotor_nmpc/local_setup.sh
[1.079s] -- Up-to-date symlink: /home/neel/ros2_ws/install/quadrotor_nmpc/share/quadrotor_nmpc/local_setup.zsh
[1.079s] -- Up-to-date symlink: /home/neel/ros2_ws/install/quadrotor_nmpc/share/quadrotor_nmpc/local_setup.dsv
[1.079s] -- Symlinking: /home/neel/ros2_ws/install/quadrotor_nmpc/share/quadrotor_nmpc/package.dsv
[1.101s] -- Up-to-date symlink: /home/neel/ros2_ws/install/quadrotor_nmpc/share/ament_index/resource_index/packages/quadrotor_nmpc
[1.103s] -- Up-to-date symlink: /home/neel/ros2_ws/install/quadrotor_nmpc/share/quadrotor_nmpc/cmake/quadrotor_nmpcConfig.cmake
[1.103s] -- Up-to-date symlink: /home/neel/ros2_ws/install/quadrotor_nmpc/share/quadrotor_nmpc/cmake/quadrotor_nmpcConfig-version.cmake
[1.103s] -- Up-to-date symlink: /home/neel/ros2_ws/install/quadrotor_nmpc/share/quadrotor_nmpc/package.xml
[1.113s] Invoked command in '/home/neel/ros2_ws/build/quadrotor_nmpc' returned '0': CMAKE_PREFIX_PATH=${CMAKE_PREFIX_PATH}:/opt/ros/jazzy DEBUGINFOD_URLS=https://debuginfod.ubuntu.com /usr/bin/cmake --install /home/neel/ros2_ws/build/quadrotor_nmpc
