[0.032s] Invoking command in '/home/neel/ros2_ws/build/quadrotor_nmpc': CMAKE_PREFIX_PATH=${CMAKE_PREFIX_PATH}:/opt/ros/jazzy DEBUGINFOD_URLS=https://debuginfod.ubuntu.com /usr/bin/cmake --build /home/neel/ros2_ws/build/quadrotor_nmpc -- -j4 -l4
[0.081s] -- Found ament_cmake: 2.5.4 (/opt/ros/jazzy/share/ament_cmake/cmake)
[0.414s] -- Override CMake install command with custom implementation using symlinks instead of copying resources
[0.432s] -- Found rclcpp: 28.1.10 (/opt/ros/jazzy/share/rclcpp/cmake)
[0.489s] -- Found rosidl_generator_c: 4.6.5 (/opt/ros/jazzy/share/rosidl_generator_c/cmake)
[0.502s] -- Found rosidl_generator_cpp: 4.6.5 (/opt/ros/jazzy/share/rosidl_generator_cpp/cmake)
[0.520s] -- Using all available rosidl_typesupport_c: rosidl_typesupport_fastrtps_c;rosidl_typesupport_introspection_c
[0.535s] -- Using all available rosidl_typesupport_cpp: rosidl_typesupport_fastrtps_cpp;rosidl_typesupport_introspection_cpp
[0.621s] -- Found rmw_implementation_cmake: 7.3.2 (/opt/ros/jazzy/share/rmw_implementation_cmake/cmake)
[0.623s] -- Found rmw_fastrtps_cpp: 8.4.2 (/opt/ros/jazzy/share/rmw_fastrtps_cpp/cmake)
[0.730s] -- Using RMW implementation 'rmw_fastrtps_cpp' as default
[0.795s] -- Found nav_msgs: 5.3.6 (/opt/ros/jazzy/share/nav_msgs/cmake)
[0.864s] -- Found ament_lint_auto: 0.17.2 (/opt/ros/jazzy/share/ament_lint_auto/cmake)
[0.972s] -- Added test 'cppcheck' to perform static code analysis on C / C++ code
[0.972s] -- Configured cppcheck include dirs: 
[0.972s] -- Configured cppcheck exclude dirs and/or files: 
[0.973s] -- Added test 'lint_cmake' to check CMake code style
[1.013s] -- Added test 'uncrustify' to check C / C++ code style
[1.014s] -- Configured uncrustify additional arguments: 
[1.014s] -- Added test 'xmllint' to check XML markup files
[1.014s] -- Configuring done (0.9s)
[1.112s] -- Generating done (0.1s)
[1.129s] -- Build files have been written to: /home/neel/ros2_ws/build/quadrotor_nmpc
[1.303s] [ 33%] [32mBuilding CXX object CMakeFiles/nmpc_controller_node.dir/src/fake_odom_publisher.cpp.o[0m
[6.334s] [ 66%] [32m[1mLinking CXX executable nmpc_controller_node[0m
[6.456s] /usr/bin/ld: CMakeFiles/nmpc_controller_node.dir/src/fake_odom_publisher.cpp.o: in function `main':
[6.460s] fake_odom_publisher.cpp:(.text+0x69): multiple definition of `main'; CMakeFiles/nmpc_controller_node.dir/src/nmpc_controller_node.cpp.o:nmpc_controller_node.cpp:(.text+0x69): first defined here
[6.760s] collect2: error: ld returned 1 exit status
[6.766s] gmake[2]: *** [CMakeFiles/nmpc_controller_node.dir/build.make:201: nmpc_controller_node] Error 1
[6.766s] gmake[1]: *** [CMakeFiles/Makefile2:137: CMakeFiles/nmpc_controller_node.dir/all] Error 2
[6.768s] gmake: *** [Makefile:146: all] Error 2
[6.777s] Invoked command in '/home/neel/ros2_ws/build/quadrotor_nmpc' returned '2': CMAKE_PREFIX_PATH=${CMAKE_PREFIX_PATH}:/opt/ros/jazzy DEBUGINFOD_URLS=https://debuginfod.ubuntu.com /usr/bin/cmake --build /home/neel/ros2_ws/build/quadrotor_nmpc -- -j4 -l4
