[0.089s] Invoking command in '/home/neel/ros2_ws/build/quadrotor_nmpc': CMAKE_PREFIX_PATH=${CMAKE_PREFIX_PATH}:/opt/ros/jazzy DEBUGINFOD_URLS=https://debuginfod.ubuntu.com /usr/bin/cmake --build /home/neel/ros2_ws/build/quadrotor_nmpc -- -j4 -l4
[0.395s] -- Found ament_cmake: 2.5.4 (/opt/ros/jazzy/share/ament_cmake/cmake)
[0.722s] -- Override CMake install command with custom implementation using symlinks instead of copying resources
[0.733s] -- Found rclcpp: 28.1.10 (/opt/ros/jazzy/share/rclcpp/cmake)
[0.765s] -- Found rosidl_generator_c: 4.6.5 (/opt/ros/jazzy/share/rosidl_generator_c/cmake)
[0.774s] -- Found rosidl_generator_cpp: 4.6.5 (/opt/ros/jazzy/share/rosidl_generator_cpp/cmake)
[0.784s] -- Using all available rosidl_typesupport_c: rosidl_typesupport_fastrtps_c;rosidl_typesupport_introspection_c
[0.794s] -- Using all available rosidl_typesupport_cpp: rosidl_typesupport_fastrtps_cpp;rosidl_typesupport_introspection_cpp
[0.846s] -- Found rmw_implementation_cmake: 7.3.2 (/opt/ros/jazzy/share/rmw_implementation_cmake/cmake)
[0.847s] -- Found rmw_fastrtps_cpp: 8.4.2 (/opt/ros/jazzy/share/rmw_fastrtps_cpp/cmake)
[0.930s] -- Using RMW implementation 'rmw_fastrtps_cpp' as default
[1.007s] -- Found nav_msgs: 5.3.6 (/opt/ros/jazzy/share/nav_msgs/cmake)
[1.073s] -- Found ament_lint_auto: 0.17.2 (/opt/ros/jazzy/share/ament_lint_auto/cmake)
[1.204s] -- Added test 'cppcheck' to perform static code analysis on C / C++ code
[1.204s] -- Configured cppcheck include dirs: 
[1.204s] -- Configured cppcheck exclude dirs and/or files: 
[1.204s] -- Added test 'lint_cmake' to check CMake code style
[1.206s] -- Added test 'uncrustify' to check C / C++ code style
[1.206s] -- Configured uncrustify additional arguments: 
[1.206s] -- Added test 'xmllint' to check XML markup files
[1.211s] -- Configuring done (0.8s)
[1.243s] -- Generating done (0.0s)
[1.258s] -- Build files have been written to: /home/neel/ros2_ws/build/quadrotor_nmpc
[1.352s] [ 50%] Built target nmpc_controller_node
[1.369s] [100%] Built target fake_odom_publisher
[1.387s] Invoked command in '/home/neel/ros2_ws/build/quadrotor_nmpc' returned '0': CMAKE_PREFIX_PATH=${CMAKE_PREFIX_PATH}:/opt/ros/jazzy DEBUGINFOD_URLS=https://debuginfod.ubuntu.com /usr/bin/cmake --build /home/neel/ros2_ws/build/quadrotor_nmpc -- -j4 -l4
[1.410s] Invoking command in '/home/neel/ros2_ws/build/quadrotor_nmpc': CMAKE_PREFIX_PATH=${CMAKE_PREFIX_PATH}:/opt/ros/jazzy DEBUGINFOD_URLS=https://debuginfod.ubuntu.com /usr/bin/cmake --install /home/neel/ros2_ws/build/quadrotor_nmpc
[1.438s] -- Install configuration: ""
[1.439s] -- Execute custom install script
[1.439s] -- Up-to-date symlink: /home/neel/ros2_ws/install/quadrotor_nmpc/lib/quadrotor_nmpc/nmpc_controller_node
[1.440s] -- Symlinking: /home/neel/ros2_ws/install/quadrotor_nmpc/lib/quadrotor_nmpc/fake_odom_publisher
[1.473s] -- Up-to-date symlink: /home/neel/ros2_ws/install/quadrotor_nmpc/share/ament_index/resource_index/package_run_dependencies/quadrotor_nmpc
[1.474s] -- Up-to-date symlink: /home/neel/ros2_ws/install/quadrotor_nmpc/share/ament_index/resource_index/parent_prefix_path/quadrotor_nmpc
[1.475s] -- Up-to-date symlink: /home/neel/ros2_ws/install/quadrotor_nmpc/share/quadrotor_nmpc/environment/ament_prefix_path.sh
[1.475s] -- Up-to-date symlink: /home/neel/ros2_ws/install/quadrotor_nmpc/share/quadrotor_nmpc/environment/ament_prefix_path.dsv
[1.475s] -- Up-to-date symlink: /home/neel/ros2_ws/install/quadrotor_nmpc/share/quadrotor_nmpc/environment/path.sh
[1.475s] -- Up-to-date symlink: /home/neel/ros2_ws/install/quadrotor_nmpc/share/quadrotor_nmpc/environment/path.dsv
[1.476s] -- Up-to-date symlink: /home/neel/ros2_ws/install/quadrotor_nmpc/share/quadrotor_nmpc/local_setup.bash
[1.477s] -- Up-to-date symlink: /home/neel/ros2_ws/install/quadrotor_nmpc/share/quadrotor_nmpc/local_setup.sh
[1.479s] -- Up-to-date symlink: /home/neel/ros2_ws/install/quadrotor_nmpc/share/quadrotor_nmpc/local_setup.zsh
[1.479s] -- Up-to-date symlink: /home/neel/ros2_ws/install/quadrotor_nmpc/share/quadrotor_nmpc/local_setup.dsv
[1.479s] -- Symlinking: /home/neel/ros2_ws/install/quadrotor_nmpc/share/quadrotor_nmpc/package.dsv
[1.542s] -- Up-to-date symlink: /home/neel/ros2_ws/install/quadrotor_nmpc/share/ament_index/resource_index/packages/quadrotor_nmpc
[1.542s] -- Up-to-date symlink: /home/neel/ros2_ws/install/quadrotor_nmpc/share/quadrotor_nmpc/cmake/quadrotor_nmpcConfig.cmake
[1.544s] -- Up-to-date symlink: /home/neel/ros2_ws/install/quadrotor_nmpc/share/quadrotor_nmpc/cmake/quadrotor_nmpcConfig-version.cmake
[1.544s] -- Up-to-date symlink: /home/neel/ros2_ws/install/quadrotor_nmpc/share/quadrotor_nmpc/package.xml
[1.553s] Invoked command in '/home/neel/ros2_ws/build/quadrotor_nmpc' returned '0': CMAKE_PREFIX_PATH=${CMAKE_PREFIX_PATH}:/opt/ros/jazzy DEBUGINFOD_URLS=https://debuginfod.ubuntu.com /usr/bin/cmake --install /home/neel/ros2_ws/build/quadrotor_nmpc
