[0.053s] Invoking command in '/home/neel/ros2_ws/build/quadrotor_nmpc': CMAKE_PREFIX_PATH=${CMAKE_PREFIX_PATH}:/opt/ros/jazzy DEBUGINFOD_URLS=https://debuginfod.ubuntu.com /usr/bin/cmake --build /home/neel/ros2_ws/build/quadrotor_nmpc -- -j4 -l4
[0.106s] -- Found ament_cmake: 2.5.4 (/opt/ros/jazzy/share/ament_cmake/cmake)
[0.438s] -- Override CMake install command with custom implementation using symlinks instead of copying resources
[0.457s] -- Found rclcpp: 28.1.10 (/opt/ros/jazzy/share/rclcpp/cmake)
[0.557s] -- Found rosidl_generator_c: 4.6.5 (/opt/ros/jazzy/share/rosidl_generator_c/cmake)
[0.571s] -- Found rosidl_generator_cpp: 4.6.5 (/opt/ros/jazzy/share/rosidl_generator_cpp/cmake)
[0.592s] -- Using all available rosidl_typesupport_c: rosidl_typesupport_fastrtps_c;rosidl_typesupport_introspection_c
[0.626s] -- Using all available rosidl_typesupport_cpp: rosidl_typesupport_fastrtps_cpp;rosidl_typesupport_introspection_cpp
[0.813s] -- Found rmw_implementation_cmake: 7.3.2 (/opt/ros/jazzy/share/rmw_implementation_cmake/cmake)
[0.824s] -- Found rmw_fastrtps_cpp: 8.4.2 (/opt/ros/jazzy/share/rmw_fastrtps_cpp/cmake)
[0.984s] -- Using RMW implementation 'rmw_fastrtps_cpp' as default
[1.095s] -- Found nav_msgs: 5.3.6 (/opt/ros/jazzy/share/nav_msgs/cmake)
[1.188s] -- Found ament_lint_auto: 0.17.2 (/opt/ros/jazzy/share/ament_lint_auto/cmake)
[1.304s] -- Added test 'cppcheck' to perform static code analysis on C / C++ code
[1.305s] -- Configured cppcheck include dirs: 
[1.305s] -- Configured cppcheck exclude dirs and/or files: 
[1.305s] -- Added test 'lint_cmake' to check CMake code style
[1.305s] -- Added test 'uncrustify' to check C / C++ code style
[1.306s] -- Configured uncrustify additional arguments: 
[1.306s] -- Added test 'xmllint' to check XML markup files
[1.307s] -- Configuring done (1.2s)
[1.378s] -- Generating done (0.1s)
[1.399s] -- Build files have been written to: /home/neel/ros2_ws/build/quadrotor_nmpc
[1.638s] [ 50%] [32mBuilding CXX object CMakeFiles/nmpc_controller_node.dir/src/nmpc_controller_node.cpp.o[0m
[10.171s] [100%] [32m[1mLinking CXX executable nmpc_controller_node[0m
[10.755s] [100%] Built target nmpc_controller_node
[10.785s] Invoked command in '/home/neel/ros2_ws/build/quadrotor_nmpc' returned '0': CMAKE_PREFIX_PATH=${CMAKE_PREFIX_PATH}:/opt/ros/jazzy DEBUGINFOD_URLS=https://debuginfod.ubuntu.com /usr/bin/cmake --build /home/neel/ros2_ws/build/quadrotor_nmpc -- -j4 -l4
[10.801s] Invoking command in '/home/neel/ros2_ws/build/quadrotor_nmpc': CMAKE_PREFIX_PATH=${CMAKE_PREFIX_PATH}:/opt/ros/jazzy DEBUGINFOD_URLS=https://debuginfod.ubuntu.com /usr/bin/cmake --install /home/neel/ros2_ws/build/quadrotor_nmpc
[10.813s] -- Install configuration: ""
[10.813s] -- Execute custom install script
[10.814s] -- Up-to-date symlink: /home/neel/ros2_ws/install/quadrotor_nmpc/lib/quadrotor_nmpc/nmpc_controller_node
[10.826s] -- Up-to-date symlink: /home/neel/ros2_ws/install/quadrotor_nmpc/share/ament_index/resource_index/package_run_dependencies/quadrotor_nmpc
[10.827s] -- Up-to-date symlink: /home/neel/ros2_ws/install/quadrotor_nmpc/share/ament_index/resource_index/parent_prefix_path/quadrotor_nmpc
[10.828s] -- Up-to-date symlink: /home/neel/ros2_ws/install/quadrotor_nmpc/share/quadrotor_nmpc/environment/ament_prefix_path.sh
[10.829s] -- Up-to-date symlink: /home/neel/ros2_ws/install/quadrotor_nmpc/share/quadrotor_nmpc/environment/ament_prefix_path.dsv
[10.829s] -- Up-to-date symlink: /home/neel/ros2_ws/install/quadrotor_nmpc/share/quadrotor_nmpc/environment/path.sh
[10.829s] -- Up-to-date symlink: /home/neel/ros2_ws/install/quadrotor_nmpc/share/quadrotor_nmpc/environment/path.dsv
[10.829s] -- Up-to-date symlink: /home/neel/ros2_ws/install/quadrotor_nmpc/share/quadrotor_nmpc/local_setup.bash
[10.830s] -- Up-to-date symlink: /home/neel/ros2_ws/install/quadrotor_nmpc/share/quadrotor_nmpc/local_setup.sh
[10.831s] -- Up-to-date symlink: /home/neel/ros2_ws/install/quadrotor_nmpc/share/quadrotor_nmpc/local_setup.zsh
[10.831s] -- Up-to-date symlink: /home/neel/ros2_ws/install/quadrotor_nmpc/share/quadrotor_nmpc/local_setup.dsv
[10.831s] -- Symlinking: /home/neel/ros2_ws/install/quadrotor_nmpc/share/quadrotor_nmpc/package.dsv
[10.851s] -- Up-to-date symlink: /home/neel/ros2_ws/install/quadrotor_nmpc/share/ament_index/resource_index/packages/quadrotor_nmpc
[10.851s] -- Up-to-date symlink: /home/neel/ros2_ws/install/quadrotor_nmpc/share/quadrotor_nmpc/cmake/quadrotor_nmpcConfig.cmake
[10.851s] -- Up-to-date symlink: /home/neel/ros2_ws/install/quadrotor_nmpc/share/quadrotor_nmpc/cmake/quadrotor_nmpcConfig-version.cmake
[10.852s] -- Up-to-date symlink: /home/neel/ros2_ws/install/quadrotor_nmpc/share/quadrotor_nmpc/package.xml
[10.854s] Invoked command in '/home/neel/ros2_ws/build/quadrotor_nmpc' returned '0': CMAKE_PREFIX_PATH=${CMAKE_PREFIX_PATH}:/opt/ros/jazzy DEBUGINFOD_URLS=https://debuginfod.ubuntu.com /usr/bin/cmake --install /home/neel/ros2_ws/build/quadrotor_nmpc
