[0.014s] Invoking command in '/home/neel/ros2_ws/build/quadrotor_nmpc': CMAKE_PREFIX_PATH=${CMAKE_PREFIX_PATH}:/opt/ros/jazzy DEBUGINFOD_URLS=https://debuginfod.ubuntu.com /usr/bin/cmake --build /home/neel/ros2_ws/build/quadrotor_nmpc -- -j4 -l4
[0.083s] -- Found ament_cmake: 2.5.4 (/opt/ros/jazzy/share/ament_cmake/cmake)
[0.377s] -- Override CMake install command with custom implementation using symlinks instead of copying resources
[0.385s] -- Found rclcpp: 28.1.10 (/opt/ros/jazzy/share/rclcpp/cmake)
[0.414s] -- Found rosidl_generator_c: 4.6.5 (/opt/ros/jazzy/share/rosidl_generator_c/cmake)
[0.423s] -- Found rosidl_generator_cpp: 4.6.5 (/opt/ros/jazzy/share/rosidl_generator_cpp/cmake)
[0.438s] -- Using all available rosidl_typesupport_c: rosidl_typesupport_fastrtps_c;rosidl_typesupport_introspection_c
[0.457s] -- Using all available rosidl_typesupport_cpp: rosidl_typesupport_fastrtps_cpp;rosidl_typesupport_introspection_cpp
[0.526s] -- Found rmw_implementation_cmake: 7.3.2 (/opt/ros/jazzy/share/rmw_implementation_cmake/cmake)
[0.531s] -- Found rmw_fastrtps_cpp: 8.4.2 (/opt/ros/jazzy/share/rmw_fastrtps_cpp/cmake)
[0.620s] -- Using RMW implementation 'rmw_fastrtps_cpp' as default
[0.682s] -- Found nav_msgs: 5.3.6 (/opt/ros/jazzy/share/nav_msgs/cmake)
[0.743s] -- Found ament_lint_auto: 0.17.2 (/opt/ros/jazzy/share/ament_lint_auto/cmake)
[0.850s] -- Added test 'cppcheck' to perform static code analysis on C / C++ code
[0.850s] -- Configured cppcheck include dirs: 
[0.850s] -- Configured cppcheck exclude dirs and/or files: 
[0.851s] -- Added test 'lint_cmake' to check CMake code style
[0.853s] -- Added test 'uncrustify' to check C / C++ code style
[0.853s] -- Configured uncrustify additional arguments: 
[0.854s] -- Added test 'xmllint' to check XML markup files
[0.854s] -- Configuring done (0.8s)
[0.884s] -- Generating done (0.0s)
[0.892s] -- Build files have been written to: /home/neel/ros2_ws/build/quadrotor_nmpc
[0.975s] [ 75%] [32mBuilding CXX object CMakeFiles/fake_odom_publisher.dir/src/fake_odom_publisher.cpp.o[0m
[0.976s] [ 75%] Built target nmpc_controller_node
[5.041s] [100%] [32m[1mLinking CXX executable fake_odom_publisher[0m
[5.248s] [100%] Built target fake_odom_publisher
[5.274s] Invoked command in '/home/neel/ros2_ws/build/quadrotor_nmpc' returned '0': CMAKE_PREFIX_PATH=${CMAKE_PREFIX_PATH}:/opt/ros/jazzy DEBUGINFOD_URLS=https://debuginfod.ubuntu.com /usr/bin/cmake --build /home/neel/ros2_ws/build/quadrotor_nmpc -- -j4 -l4
[5.290s] Invoking command in '/home/neel/ros2_ws/build/quadrotor_nmpc': CMAKE_PREFIX_PATH=${CMAKE_PREFIX_PATH}:/opt/ros/jazzy DEBUGINFOD_URLS=https://debuginfod.ubuntu.com /usr/bin/cmake --install /home/neel/ros2_ws/build/quadrotor_nmpc
[5.302s] -- Install configuration: ""
[5.303s] -- Execute custom install script
[5.303s] -- Up-to-date symlink: /home/neel/ros2_ws/install/quadrotor_nmpc/lib/quadrotor_nmpc/nmpc_controller_node
[5.303s] -- Up-to-date symlink: /home/neel/ros2_ws/install/quadrotor_nmpc/share/ament_index/resource_index/package_run_dependencies/quadrotor_nmpc
[5.303s] -- Up-to-date symlink: /home/neel/ros2_ws/install/quadrotor_nmpc/share/ament_index/resource_index/parent_prefix_path/quadrotor_nmpc
[5.303s] -- Up-to-date symlink: /home/neel/ros2_ws/install/quadrotor_nmpc/share/quadrotor_nmpc/environment/ament_prefix_path.sh
[5.304s] -- Up-to-date symlink: /home/neel/ros2_ws/install/quadrotor_nmpc/share/quadrotor_nmpc/environment/ament_prefix_path.dsv
[5.304s] -- Up-to-date symlink: /home/neel/ros2_ws/install/quadrotor_nmpc/share/quadrotor_nmpc/environment/path.sh
[5.304s] -- Up-to-date symlink: /home/neel/ros2_ws/install/quadrotor_nmpc/share/quadrotor_nmpc/environment/path.dsv
[5.304s] -- Up-to-date symlink: /home/neel/ros2_ws/install/quadrotor_nmpc/share/quadrotor_nmpc/local_setup.bash
[5.304s] -- Up-to-date symlink: /home/neel/ros2_ws/install/quadrotor_nmpc/share/quadrotor_nmpc/local_setup.sh
[5.305s] -- Up-to-date symlink: /home/neel/ros2_ws/install/quadrotor_nmpc/share/quadrotor_nmpc/local_setup.zsh
[5.305s] -- Up-to-date symlink: /home/neel/ros2_ws/install/quadrotor_nmpc/share/quadrotor_nmpc/local_setup.dsv
[5.305s] -- Symlinking: /home/neel/ros2_ws/install/quadrotor_nmpc/share/quadrotor_nmpc/package.dsv
[5.323s] -- Up-to-date symlink: /home/neel/ros2_ws/install/quadrotor_nmpc/share/ament_index/resource_index/packages/quadrotor_nmpc
[5.324s] -- Up-to-date symlink: /home/neel/ros2_ws/install/quadrotor_nmpc/share/quadrotor_nmpc/cmake/quadrotor_nmpcConfig.cmake
[5.325s] -- Up-to-date symlink: /home/neel/ros2_ws/install/quadrotor_nmpc/share/quadrotor_nmpc/cmake/quadrotor_nmpcConfig-version.cmake
[5.325s] -- Up-to-date symlink: /home/neel/ros2_ws/install/quadrotor_nmpc/share/quadrotor_nmpc/package.xml
[5.327s] Invoked command in '/home/neel/ros2_ws/build/quadrotor_nmpc' returned '0': CMAKE_PREFIX_PATH=${CMAKE_PREFIX_PATH}:/opt/ros/jazzy DEBUGINFOD_URLS=https://debuginfod.ubuntu.com /usr/bin/cmake --install /home/neel/ros2_ws/build/quadrotor_nmpc
