[0.036s] Invoking command in '/home/neel/ros2_ws/build/quadrotor_nmpc': CMAKE_PREFIX_PATH=${CMAKE_PREFIX_PATH}:/opt/ros/jazzy DEBUGINFOD_URLS=https://debuginfod.ubuntu.com /usr/bin/cmake --build /home/neel/ros2_ws/build/quadrotor_nmpc -- -j4 -l4
[0.232s] -- Found ament_cmake: 2.5.4 (/opt/ros/jazzy/share/ament_cmake/cmake)
[0.623s] -- Override CMake install command with custom implementation using symlinks instead of copying resources
[0.680s] -- Found rclcpp: 28.1.10 (/opt/ros/jazzy/share/rclcpp/cmake)
[0.833s] -- Found rosidl_generator_c: 4.6.5 (/opt/ros/jazzy/share/rosidl_generator_c/cmake)
[0.880s] -- Found rosidl_generator_cpp: 4.6.5 (/opt/ros/jazzy/share/rosidl_generator_cpp/cmake)
[0.940s] -- Using all available rosidl_typesupport_c: rosidl_typesupport_fastrtps_c;rosidl_typesupport_introspection_c
[0.979s] -- Using all available rosidl_typesupport_cpp: rosidl_typesupport_fastrtps_cpp;rosidl_typesupport_introspection_cpp
[1.141s] -- Found rmw_implementation_cmake: 7.3.2 (/opt/ros/jazzy/share/rmw_implementation_cmake/cmake)
[1.150s] -- Found rmw_fastrtps_cpp: 8.4.2 (/opt/ros/jazzy/share/rmw_fastrtps_cpp/cmake)
[1.366s] -- Using RMW implementation 'rmw_fastrtps_cpp' as default
[1.631s] -- Found nav_msgs: 5.3.6 (/opt/ros/jazzy/share/nav_msgs/cmake)
[1.758s] -- Found ament_lint_auto: 0.17.2 (/opt/ros/jazzy/share/ament_lint_auto/cmake)
[2.038s] [31mCMake Error at /opt/ros/jazzy/share/ament_cmake_core/cmake/symlink_install/install.cmake:43 (_install):
[2.038s]   _install does not recognize sub-command TARGET
[2.038s] Call Stack (most recent call first):
[2.038s]   CMakeLists.txt:29 (install)
[2.039s] 
[2.041s] [0m
[2.077s] -- Added test 'cppcheck' to perform static code analysis on C / C++ code
[2.079s] -- Configured cppcheck include dirs: 
[2.079s] -- Configured cppcheck exclude dirs and/or files: 
[2.096s] -- Added test 'lint_cmake' to check CMake code style
[2.097s] -- Added test 'uncrustify' to check C / C++ code style
[2.097s] -- Configured uncrustify additional arguments: 
[2.100s] -- Added test 'xmllint' to check XML markup files
[2.106s] -- Configuring incomplete, errors occurred!
[2.121s] gmake: *** [Makefile:226: cmake_check_build_system] Error 1
[2.130s] Invoked command in '/home/neel/ros2_ws/build/quadrotor_nmpc' returned '2': CMAKE_PREFIX_PATH=${CMAKE_PREFIX_PATH}:/opt/ros/jazzy DEBUGINFOD_URLS=https://debuginfod.ubuntu.com /usr/bin/cmake --build /home/neel/ros2_ws/build/quadrotor_nmpc -- -j4 -l4
