[0.117s] DEBUG:colcon:Command line arguments: ['/usr/bin/colcon', 'build', '--symlink-install']
[0.117s] DEBUG:colcon:Parsed command line arguments: Namespace(log_base=None, log_level=None, verb_name='build', build_base='build', install_base='install', merge_install=False, symlink_install=True, test_result_base=None, continue_on_error=False, executor='parallel', parallel_workers=4, event_handlers=None, ignore_user_meta=False, metas=['./colcon.meta'], base_paths=['.'], packages_ignore=None, packages_ignore_regex=None, paths=None, packages_up_to=None, packages_up_to_regex=None, packages_above=None, packages_above_and_dependencies=None, packages_above_depth=None, packages_select_by_dep=None, packages_skip_by_dep=None, packages_skip_up_to=None, packages_select_build_failed=False, packages_skip_build_finished=False, packages_select_test_failures=False, packages_skip_test_passed=False, packages_select=None, packages_skip=None, packages_select_regex=None, packages_skip_regex=None, packages_start=None, packages_end=None, allow_overriding=[], cmake_args=None, cmake_target=None, cmake_target_skip_unavailable=False, cmake_clean_cache=False, cmake_clean_first=False, cmake_force_configure=False, ament_cmake_args=None, catkin_cmake_args=None, catkin_skip_building_tests=False, mixin_files=None, mixin=None, verb_parser=<colcon_mixin.mixin.mixin_argument.MixinArgumentDecorator object at 0x7f016f7a9160>, verb_extension=<colcon_core.verb.build.BuildVerb object at 0x7f016f822990>, main=<bound method BuildVerb.main of <colcon_core.verb.build.BuildVerb object at 0x7f016f822990>>, mixin_verb=('build',))
[0.163s] Level 1:colcon.colcon_core.package_discovery:discover_packages(colcon_meta) check parameters
[0.163s] Level 1:colcon.colcon_core.package_discovery:discover_packages(recursive) check parameters
[0.163s] Level 1:colcon.colcon_core.package_discovery:discover_packages(ignore) check parameters
[0.163s] Level 1:colcon.colcon_core.package_discovery:discover_packages(path) check parameters
[0.163s] Level 1:colcon.colcon_core.package_discovery:discover_packages(colcon_meta) discover
[0.163s] Level 1:colcon.colcon_core.package_discovery:discover_packages(recursive) discover
[0.163s] INFO:colcon.colcon_core.package_discovery:Crawling recursively for packages in '/home/neel/ros2_ws'
[0.164s] Level 1:colcon.colcon_core.package_identification:_identify(.) by extensions ['ignore', 'ignore_ament_install']
[0.164s] Level 1:colcon.colcon_core.package_identification:_identify(.) by extension 'ignore'
[0.164s] Level 1:colcon.colcon_core.package_identification:_identify(.) by extension 'ignore_ament_install'
[0.164s] Level 1:colcon.colcon_core.package_identification:_identify(.) by extensions ['colcon_pkg']
[0.164s] Level 1:colcon.colcon_core.package_identification:_identify(.) by extension 'colcon_pkg'
[0.164s] Level 1:colcon.colcon_core.package_identification:_identify(.) by extensions ['colcon_meta']
[0.164s] Level 1:colcon.colcon_core.package_identification:_identify(.) by extension 'colcon_meta'
[0.164s] Level 1:colcon.colcon_core.package_identification:_identify(.) by extensions ['ros']
[0.164s] Level 1:colcon.colcon_core.package_identification:_identify(.) by extension 'ros'
[0.194s] Level 1:colcon.colcon_core.package_identification:_identify(.) by extensions ['cmake', 'python']
[0.194s] Level 1:colcon.colcon_core.package_identification:_identify(.) by extension 'cmake'
[0.194s] Level 1:colcon.colcon_core.package_identification:_identify(.) by extension 'python'
[0.194s] Level 1:colcon.colcon_core.package_identification:_identify(.) by extensions ['python_setup_py']
[0.194s] Level 1:colcon.colcon_core.package_identification:_identify(.) by extension 'python_setup_py'
[0.195s] Level 1:colcon.colcon_core.package_identification:_identify(build) by extensions ['ignore', 'ignore_ament_install']
[0.195s] Level 1:colcon.colcon_core.package_identification:_identify(build) by extension 'ignore'
[0.195s] Level 1:colcon.colcon_core.package_identification:_identify(build) ignored
[0.195s] Level 1:colcon.colcon_core.package_identification:_identify(install) by extensions ['ignore', 'ignore_ament_install']
[0.195s] Level 1:colcon.colcon_core.package_identification:_identify(install) by extension 'ignore'
[0.195s] Level 1:colcon.colcon_core.package_identification:_identify(install) ignored
[0.196s] Level 1:colcon.colcon_core.package_identification:_identify(log) by extensions ['ignore', 'ignore_ament_install']
[0.196s] Level 1:colcon.colcon_core.package_identification:_identify(log) by extension 'ignore'
[0.196s] Level 1:colcon.colcon_core.package_identification:_identify(log) ignored
[0.196s] Level 1:colcon.colcon_core.package_identification:_identify(src) by extensions ['ignore', 'ignore_ament_install']
[0.196s] Level 1:colcon.colcon_core.package_identification:_identify(src) by extension 'ignore'
[0.196s] Level 1:colcon.colcon_core.package_identification:_identify(src) by extension 'ignore_ament_install'
[0.196s] Level 1:colcon.colcon_core.package_identification:_identify(src) by extensions ['colcon_pkg']
[0.196s] Level 1:colcon.colcon_core.package_identification:_identify(src) by extension 'colcon_pkg'
[0.196s] Level 1:colcon.colcon_core.package_identification:_identify(src) by extensions ['colcon_meta']
[0.196s] Level 1:colcon.colcon_core.package_identification:_identify(src) by extension 'colcon_meta'
[0.196s] Level 1:colcon.colcon_core.package_identification:_identify(src) by extensions ['ros']
[0.196s] Level 1:colcon.colcon_core.package_identification:_identify(src) by extension 'ros'
[0.196s] Level 1:colcon.colcon_core.package_identification:_identify(src) by extensions ['cmake', 'python']
[0.196s] Level 1:colcon.colcon_core.package_identification:_identify(src) by extension 'cmake'
[0.196s] Level 1:colcon.colcon_core.package_identification:_identify(src) by extension 'python'
[0.196s] Level 1:colcon.colcon_core.package_identification:_identify(src) by extensions ['python_setup_py']
[0.196s] Level 1:colcon.colcon_core.package_identification:_identify(src) by extension 'python_setup_py'
[0.196s] Level 1:colcon.colcon_core.package_identification:_identify(src/quadrotor_nmpc) by extensions ['ignore', 'ignore_ament_install']
[0.197s] Level 1:colcon.colcon_core.package_identification:_identify(src/quadrotor_nmpc) by extension 'ignore'
[0.197s] Level 1:colcon.colcon_core.package_identification:_identify(src/quadrotor_nmpc) by extension 'ignore_ament_install'
[0.197s] Level 1:colcon.colcon_core.package_identification:_identify(src/quadrotor_nmpc) by extensions ['colcon_pkg']
[0.197s] Level 1:colcon.colcon_core.package_identification:_identify(src/quadrotor_nmpc) by extension 'colcon_pkg'
[0.197s] Level 1:colcon.colcon_core.package_identification:_identify(src/quadrotor_nmpc) by extensions ['colcon_meta']
[0.197s] Level 1:colcon.colcon_core.package_identification:_identify(src/quadrotor_nmpc) by extension 'colcon_meta'
[0.197s] Level 1:colcon.colcon_core.package_identification:_identify(src/quadrotor_nmpc) by extensions ['ros']
[0.197s] Level 1:colcon.colcon_core.package_identification:_identify(src/quadrotor_nmpc) by extension 'ros'
[0.200s] DEBUG:colcon.colcon_core.package_identification:Package 'src/quadrotor_nmpc' with type 'ros.ament_cmake' and name 'quadrotor_nmpc'
[0.200s] Level 1:colcon.colcon_core.package_discovery:discover_packages(recursive) using defaults
[0.200s] Level 1:colcon.colcon_core.package_discovery:discover_packages(ignore) discover
[0.200s] Level 1:colcon.colcon_core.package_discovery:discover_packages(ignore) using defaults
[0.200s] Level 1:colcon.colcon_core.package_discovery:discover_packages(path) discover
[0.200s] Level 1:colcon.colcon_core.package_discovery:discover_packages(path) using defaults
[0.227s] Level 1:colcon.colcon_core.package_discovery:discover_packages(prefix_path) check parameters
[0.228s] Level 1:colcon.colcon_core.package_discovery:discover_packages(prefix_path) discover
[0.230s] DEBUG:colcon.colcon_installed_package_information.package_discovery:Found 1 installed packages in /home/neel/ros2_ws/install
[0.232s] DEBUG:colcon.colcon_installed_package_information.package_discovery:Found 383 installed packages in /opt/ros/jazzy
[0.234s] Level 1:colcon.colcon_core.package_discovery:discover_packages(prefix_path) using defaults
[0.280s] Level 5:colcon.colcon_core.verb:set package 'quadrotor_nmpc' build argument 'cmake_args' from command line to 'None'
[0.280s] Level 5:colcon.colcon_core.verb:set package 'quadrotor_nmpc' build argument 'cmake_target' from command line to 'None'
[0.280s] Level 5:colcon.colcon_core.verb:set package 'quadrotor_nmpc' build argument 'cmake_target_skip_unavailable' from command line to 'False'
[0.280s] Level 5:colcon.colcon_core.verb:set package 'quadrotor_nmpc' build argument 'cmake_clean_cache' from command line to 'False'
[0.280s] Level 5:colcon.colcon_core.verb:set package 'quadrotor_nmpc' build argument 'cmake_clean_first' from command line to 'False'
[0.280s] Level 5:colcon.colcon_core.verb:set package 'quadrotor_nmpc' build argument 'cmake_force_configure' from command line to 'False'
[0.280s] Level 5:colcon.colcon_core.verb:set package 'quadrotor_nmpc' build argument 'ament_cmake_args' from command line to 'None'
[0.280s] Level 5:colcon.colcon_core.verb:set package 'quadrotor_nmpc' build argument 'catkin_cmake_args' from command line to 'None'
[0.280s] Level 5:colcon.colcon_core.verb:set package 'quadrotor_nmpc' build argument 'catkin_skip_building_tests' from command line to 'False'
[0.281s] DEBUG:colcon.colcon_core.verb:Building package 'quadrotor_nmpc' with the following arguments: {'ament_cmake_args': None, 'build_base': '/home/neel/ros2_ws/build/quadrotor_nmpc', 'catkin_cmake_args': None, 'catkin_skip_building_tests': False, 'cmake_args': None, 'cmake_clean_cache': False, 'cmake_clean_first': False, 'cmake_force_configure': False, 'cmake_target': None, 'cmake_target_skip_unavailable': False, 'install_base': '/home/neel/ros2_ws/install/quadrotor_nmpc', 'merge_install': False, 'path': '/home/neel/ros2_ws/src/quadrotor_nmpc', 'symlink_install': True, 'test_result_base': None}
[0.281s] INFO:colcon.colcon_core.executor:Executing jobs using 'parallel' executor
[0.282s] DEBUG:colcon.colcon_parallel_executor.executor.parallel:run_until_complete
[0.283s] INFO:colcon.colcon_ros.task.ament_cmake.build:Building ROS package in '/home/neel/ros2_ws/src/quadrotor_nmpc' with build type 'ament_cmake'
[0.283s] INFO:colcon.colcon_cmake.task.cmake.build:Building CMake package in '/home/neel/ros2_ws/src/quadrotor_nmpc'
[0.286s] INFO:colcon.colcon_core.plugin_system:Skipping extension 'colcon_core.shell.bat': Not used on non-Windows systems
[0.286s] INFO:colcon.colcon_core.shell:Skip shell extension 'powershell' for command environment: Not usable outside of PowerShell
[0.286s] DEBUG:colcon.colcon_core.shell:Skip shell extension 'dsv' for command environment
[0.381s] DEBUG:colcon.colcon_core.event_handler.log_command:Invoking command in '/home/neel/ros2_ws/build/quadrotor_nmpc': CMAKE_PREFIX_PATH=${CMAKE_PREFIX_PATH}:/opt/ros/jazzy DEBUGINFOD_URLS=https://debuginfod.ubuntu.com /usr/bin/cmake --build /home/neel/ros2_ws/build/quadrotor_nmpc -- -j4 -l4
[1.679s] DEBUG:colcon.colcon_core.event_handler.log_command:Invoked command in '/home/neel/ros2_ws/build/quadrotor_nmpc' returned '0': CMAKE_PREFIX_PATH=${CMAKE_PREFIX_PATH}:/opt/ros/jazzy DEBUGINFOD_URLS=https://debuginfod.ubuntu.com /usr/bin/cmake --build /home/neel/ros2_ws/build/quadrotor_nmpc -- -j4 -l4
[1.702s] DEBUG:colcon.colcon_core.event_handler.log_command:Invoking command in '/home/neel/ros2_ws/build/quadrotor_nmpc': CMAKE_PREFIX_PATH=${CMAKE_PREFIX_PATH}:/opt/ros/jazzy DEBUGINFOD_URLS=https://debuginfod.ubuntu.com /usr/bin/cmake --install /home/neel/ros2_ws/build/quadrotor_nmpc
[1.842s] Level 1:colcon.colcon_core.environment:create_environment_scripts_only(quadrotor_nmpc)
[1.845s] DEBUG:colcon.colcon_core.event_handler.log_command:Invoked command in '/home/neel/ros2_ws/build/quadrotor_nmpc' returned '0': CMAKE_PREFIX_PATH=${CMAKE_PREFIX_PATH}:/opt/ros/jazzy DEBUGINFOD_URLS=https://debuginfod.ubuntu.com /usr/bin/cmake --install /home/neel/ros2_ws/build/quadrotor_nmpc
[1.851s] Level 1:colcon.colcon_core.environment:checking '/home/neel/ros2_ws/install/quadrotor_nmpc' for CMake module files
[1.853s] Level 1:colcon.colcon_core.environment:checking '/home/neel/ros2_ws/install/quadrotor_nmpc' for CMake config files
[1.854s] Level 1:colcon.colcon_core.shell:create_environment_hook('quadrotor_nmpc', 'cmake_prefix_path')
[1.854s] INFO:colcon.colcon_core.shell:Creating environment hook '/home/neel/ros2_ws/install/quadrotor_nmpc/share/quadrotor_nmpc/hook/cmake_prefix_path.ps1'
[1.857s] INFO:colcon.colcon_core.shell:Creating environment descriptor '/home/neel/ros2_ws/install/quadrotor_nmpc/share/quadrotor_nmpc/hook/cmake_prefix_path.dsv'
[1.861s] INFO:colcon.colcon_core.shell:Creating environment hook '/home/neel/ros2_ws/install/quadrotor_nmpc/share/quadrotor_nmpc/hook/cmake_prefix_path.sh'
[1.871s] Level 1:colcon.colcon_core.environment:checking '/home/neel/ros2_ws/install/quadrotor_nmpc/lib'
[1.872s] Level 1:colcon.colcon_core.environment:checking '/home/neel/ros2_ws/install/quadrotor_nmpc/bin'
[1.880s] Level 1:colcon.colcon_core.environment:checking '/home/neel/ros2_ws/install/quadrotor_nmpc/lib/pkgconfig/quadrotor_nmpc.pc'
[1.881s] Level 1:colcon.colcon_core.environment:checking '/home/neel/ros2_ws/install/quadrotor_nmpc/lib/python3.12/site-packages'
[1.881s] Level 1:colcon.colcon_core.environment:checking '/home/neel/ros2_ws/install/quadrotor_nmpc/bin'
[1.882s] INFO:colcon.colcon_core.shell:Creating package script '/home/neel/ros2_ws/install/quadrotor_nmpc/share/quadrotor_nmpc/package.ps1'
[1.884s] INFO:colcon.colcon_core.shell:Creating package descriptor '/home/neel/ros2_ws/install/quadrotor_nmpc/share/quadrotor_nmpc/package.dsv'
[1.886s] INFO:colcon.colcon_core.shell:Creating package script '/home/neel/ros2_ws/install/quadrotor_nmpc/share/quadrotor_nmpc/package.sh'
[1.887s] INFO:colcon.colcon_core.shell:Creating package script '/home/neel/ros2_ws/install/quadrotor_nmpc/share/quadrotor_nmpc/package.bash'
[1.889s] INFO:colcon.colcon_core.shell:Creating package script '/home/neel/ros2_ws/install/quadrotor_nmpc/share/quadrotor_nmpc/package.zsh'
[1.891s] Level 1:colcon.colcon_core.environment:create_file_with_runtime_dependencies(/home/neel/ros2_ws/install/quadrotor_nmpc/share/colcon-core/packages/quadrotor_nmpc)
[1.893s] Level 1:colcon.colcon_core.environment:create_environment_scripts_only(quadrotor_nmpc)
[1.893s] Level 1:colcon.colcon_core.environment:checking '/home/neel/ros2_ws/install/quadrotor_nmpc' for CMake module files
[1.895s] Level 1:colcon.colcon_core.environment:checking '/home/neel/ros2_ws/install/quadrotor_nmpc' for CMake config files
[1.895s] Level 1:colcon.colcon_core.shell:create_environment_hook('quadrotor_nmpc', 'cmake_prefix_path')
[1.896s] INFO:colcon.colcon_core.shell:Creating environment hook '/home/neel/ros2_ws/install/quadrotor_nmpc/share/quadrotor_nmpc/hook/cmake_prefix_path.ps1'
[1.897s] INFO:colcon.colcon_core.shell:Creating environment descriptor '/home/neel/ros2_ws/install/quadrotor_nmpc/share/quadrotor_nmpc/hook/cmake_prefix_path.dsv'
[1.900s] INFO:colcon.colcon_core.shell:Creating environment hook '/home/neel/ros2_ws/install/quadrotor_nmpc/share/quadrotor_nmpc/hook/cmake_prefix_path.sh'
[1.904s] Level 1:colcon.colcon_core.environment:checking '/home/neel/ros2_ws/install/quadrotor_nmpc/lib'
[1.910s] Level 1:colcon.colcon_core.environment:checking '/home/neel/ros2_ws/install/quadrotor_nmpc/bin'
[1.910s] Level 1:colcon.colcon_core.environment:checking '/home/neel/ros2_ws/install/quadrotor_nmpc/lib/pkgconfig/quadrotor_nmpc.pc'
[1.910s] Level 1:colcon.colcon_core.environment:checking '/home/neel/ros2_ws/install/quadrotor_nmpc/lib/python3.12/site-packages'
[1.910s] Level 1:colcon.colcon_core.environment:checking '/home/neel/ros2_ws/install/quadrotor_nmpc/bin'
[1.911s] INFO:colcon.colcon_core.shell:Creating package script '/home/neel/ros2_ws/install/quadrotor_nmpc/share/quadrotor_nmpc/package.ps1'
[1.912s] INFO:colcon.colcon_core.shell:Creating package descriptor '/home/neel/ros2_ws/install/quadrotor_nmpc/share/quadrotor_nmpc/package.dsv'
[1.913s] INFO:colcon.colcon_core.shell:Creating package script '/home/neel/ros2_ws/install/quadrotor_nmpc/share/quadrotor_nmpc/package.sh'
[1.914s] INFO:colcon.colcon_core.shell:Creating package script '/home/neel/ros2_ws/install/quadrotor_nmpc/share/quadrotor_nmpc/package.bash'
[1.915s] INFO:colcon.colcon_core.shell:Creating package script '/home/neel/ros2_ws/install/quadrotor_nmpc/share/quadrotor_nmpc/package.zsh'
[1.916s] Level 1:colcon.colcon_core.environment:create_file_with_runtime_dependencies(/home/neel/ros2_ws/install/quadrotor_nmpc/share/colcon-core/packages/quadrotor_nmpc)
[1.916s] DEBUG:colcon.colcon_parallel_executor.executor.parallel:closing loop
[1.916s] DEBUG:colcon.colcon_parallel_executor.executor.parallel:loop closed
[1.916s] DEBUG:colcon.colcon_parallel_executor.executor.parallel:run_until_complete finished with '0'
[1.916s] DEBUG:colcon.colcon_core.event_reactor:joining thread
[1.931s] INFO:colcon.colcon_core.plugin_system:Skipping extension 'colcon_notification.desktop_notification.terminal_notifier': Not used on non-Darwin systems
[1.931s] INFO:colcon.colcon_core.plugin_system:Skipping extension 'colcon_notification.desktop_notification.win32': Not used on non-Windows systems
[1.931s] INFO:colcon.colcon_notification.desktop_notification:Sending desktop notification using 'notify2'
[1.984s] DEBUG:colcon.colcon_core.event_reactor:joined thread
[1.985s] INFO:colcon.colcon_core.shell:Creating prefix script '/home/neel/ros2_ws/install/local_setup.ps1'
[1.986s] INFO:colcon.colcon_core.shell:Creating prefix util module '/home/neel/ros2_ws/install/_local_setup_util_ps1.py'
[1.988s] INFO:colcon.colcon_core.shell:Creating prefix chain script '/home/neel/ros2_ws/install/setup.ps1'
[1.991s] INFO:colcon.colcon_core.shell:Creating prefix script '/home/neel/ros2_ws/install/local_setup.sh'
[1.992s] INFO:colcon.colcon_core.shell:Creating prefix util module '/home/neel/ros2_ws/install/_local_setup_util_sh.py'
[1.994s] INFO:colcon.colcon_core.shell:Creating prefix chain script '/home/neel/ros2_ws/install/setup.sh'
[1.995s] INFO:colcon.colcon_core.shell:Creating prefix script '/home/neel/ros2_ws/install/local_setup.bash'
[1.996s] INFO:colcon.colcon_core.shell:Creating prefix chain script '/home/neel/ros2_ws/install/setup.bash'
[1.997s] INFO:colcon.colcon_core.shell:Creating prefix script '/home/neel/ros2_ws/install/local_setup.zsh'
[1.998s] INFO:colcon.colcon_core.shell:Creating prefix chain script '/home/neel/ros2_ws/install/setup.zsh'
