-- The C compiler identification is GNU 13.3.0
-- The CXX compiler identification is GNU 13.3.0
-- Detecting C compiler ABI info
-- Detecting C compiler ABI info - done
-- Check for working C compiler: /usr/bin/cc - skipped
-- Detecting C compile features
-- Detecting C compile features - done
-- Detecting CXX compiler ABI info
-- Detecting CXX compiler ABI info - done
-- Check for working CXX compiler: /usr/bin/c++ - skipped
-- Detecting CXX compile features
-- Detecting CXX compile features - done
-- Found ament_cmake: 2.5.4 (/opt/ros/jazzy/share/ament_cmake/cmake)
-- Found Python3: /usr/bin/python3 (found version "3.12.3") found components: Interpreter 
-- Override CMake install command with custom implementation using symlinks instead of copying resources
-- Found rclcpp: 28.1.10 (/opt/ros/jazzy/share/rclcpp/cmake)
-- Found rosidl_generator_c: 4.6.5 (/opt/ros/jazzy/share/rosidl_generator_c/cmake)
-- Found rosidl_generator_cpp: 4.6.5 (/opt/ros/jazzy/share/rosidl_generator_cpp/cmake)
-- Using all available rosidl_typesupport_c: rosidl_typesupport_fastrtps_c;rosidl_typesupport_introspection_c
-- Using all available rosidl_typesupport_cpp: rosidl_typesupport_fastrtps_cpp;rosidl_typesupport_introspection_cpp
-- Found rmw_implementation_cmake: 7.3.2 (/opt/ros/jazzy/share/rmw_implementation_cmake/cmake)
-- Found rmw_fastrtps_cpp: 8.4.2 (/opt/ros/jazzy/share/rmw_fastrtps_cpp/cmake)
-- Found OpenSSL: /usr/lib/x86_64-linux-gnu/libcrypto.so (found version "3.0.13")  
-- Found FastRTPS: /opt/ros/jazzy/include (Required is at least version "2.13") 
-- Using RMW implementation 'rmw_fastrtps_cpp' as default
-- Found nav_msgs: 5.3.6 (/opt/ros/jazzy/share/nav_msgs/cmake)
-- Found ament_lint_auto: 0.17.2 (/opt/ros/jazzy/share/ament_lint_auto/cmake)
-- Added test 'lint_cmake' to check CMake code style
-- Added test 'xmllint' to check XML markup files
-- Configuring done (1.7s)
-- Generating done (0.0s)
-- Build files have been written to: /home/neel/ros2_ws/build/quadrotor_nmpc
-- Install configuration: ""
-- Execute custom install script
-- Symlinking: /home/neel/ros2_ws/install/quadrotor_nmpc/share/ament_index/resource_index/package_run_dependencies/quadrotor_nmpc
-- Symlinking: /home/neel/ros2_ws/install/quadrotor_nmpc/share/ament_index/resource_index/parent_prefix_path/quadrotor_nmpc
-- Symlinking: /home/neel/ros2_ws/install/quadrotor_nmpc/share/quadrotor_nmpc/environment/ament_prefix_path.sh
-- Symlinking: /home/neel/ros2_ws/install/quadrotor_nmpc/share/quadrotor_nmpc/environment/ament_prefix_path.dsv
-- Symlinking: /home/neel/ros2_ws/install/quadrotor_nmpc/share/quadrotor_nmpc/environment/path.sh
-- Symlinking: /home/neel/ros2_ws/install/quadrotor_nmpc/share/quadrotor_nmpc/environment/path.dsv
-- Symlinking: /home/neel/ros2_ws/install/quadrotor_nmpc/share/quadrotor_nmpc/local_setup.bash
-- Symlinking: /home/neel/ros2_ws/install/quadrotor_nmpc/share/quadrotor_nmpc/local_setup.sh
-- Symlinking: /home/neel/ros2_ws/install/quadrotor_nmpc/share/quadrotor_nmpc/local_setup.zsh
-- Symlinking: /home/neel/ros2_ws/install/quadrotor_nmpc/share/quadrotor_nmpc/local_setup.dsv
-- Symlinking: /home/neel/ros2_ws/install/quadrotor_nmpc/share/quadrotor_nmpc/package.dsv
-- Symlinking: /home/neel/ros2_ws/install/quadrotor_nmpc/share/ament_index/resource_index/packages/quadrotor_nmpc
-- Symlinking: /home/neel/ros2_ws/install/quadrotor_nmpc/share/quadrotor_nmpc/cmake/quadrotor_nmpcConfig.cmake
-- Symlinking: /home/neel/ros2_ws/install/quadrotor_nmpc/share/quadrotor_nmpc/cmake/quadrotor_nmpcConfig-version.cmake
-- Symlinking: /home/neel/ros2_ws/install/quadrotor_nmpc/share/quadrotor_nmpc/package.xml
