[0.065s] Invoking command in '/home/neel/ros2_ws/build/quadrotor_nmpc': CMAKE_PREFIX_PATH=${CMAKE_PREFIX_PATH}:/opt/ros/jazzy DEBUGINFOD_URLS=https://debuginfod.ubuntu.com /usr/bin/cmake --build /home/neel/ros2_ws/build/quadrotor_nmpc -- -j4 -l4
[0.128s] -- Found ament_cmake: 2.5.4 (/opt/ros/jazzy/share/ament_cmake/cmake)
[0.511s] -- Override CMake install command with custom implementation using symlinks instead of copying resources
[0.574s] -- Found rclcpp: 28.1.10 (/opt/ros/jazzy/share/rclcpp/cmake)
[0.633s] -- Found rosidl_generator_c: 4.6.5 (/opt/ros/jazzy/share/rosidl_generator_c/cmake)
[0.667s] -- Found rosidl_generator_cpp: 4.6.5 (/opt/ros/jazzy/share/rosidl_generator_cpp/cmake)
[0.677s] -- Using all available rosidl_typesupport_c: rosidl_typesupport_fastrtps_c;rosidl_typesupport_introspection_c
[0.724s] -- Using all available rosidl_typesupport_cpp: rosidl_typesupport_fastrtps_cpp;rosidl_typesupport_introspection_cpp
[0.822s] -- Found rmw_implementation_cmake: 7.3.2 (/opt/ros/jazzy/share/rmw_implementation_cmake/cmake)
[0.826s] -- Found rmw_fastrtps_cpp: 8.4.2 (/opt/ros/jazzy/share/rmw_fastrtps_cpp/cmake)
[0.939s] -- Using RMW implementation 'rmw_fastrtps_cpp' as default
[1.032s] -- Found nav_msgs: 5.3.6 (/opt/ros/jazzy/share/nav_msgs/cmake)
[1.113s] -- Found ament_lint_auto: 0.17.2 (/opt/ros/jazzy/share/ament_lint_auto/cmake)
[1.255s] -- Added test 'cppcheck' to perform static code analysis on C / C++ code
[1.255s] -- Configured cppcheck include dirs: 
[1.255s] -- Configured cppcheck exclude dirs and/or files: 
[1.255s] -- Added test 'lint_cmake' to check CMake code style
[1.255s] -- Added test 'uncrustify' to check C / C++ code style
[1.255s] -- Configured uncrustify additional arguments: 
[1.256s] -- Added test 'xmllint' to check XML markup files
[1.259s] -- Configuring done (1.1s)
[1.277s] -- Generating done (0.0s)
[1.284s] -- Build files have been written to: /home/neel/ros2_ws/build/quadrotor_nmpc
[1.352s] [ 25%] [32mBuilding CXX object CMakeFiles/fake_odom_publisher.dir/src/fake_odom_publisher.cpp.o[0m
[1.356s] [ 50%] [32m[1mLinking CXX executable nmpc_controller_node[0m
[1.375s] [01m[K/home/neel/ros2_ws/src/quadrotor_nmpc/src/fake_odom_publisher.cpp:1:10:[m[K [01;31m[Kfatal error: [m[Krclcpp/rclcpp.hpp: No such file or directory
[1.376s]     1 | #include [01;31m[K"rclcpp/rclcpp.hpp"[m[K
[1.376s]       |          [01;31m[K^~~~~~~~~~~~~~~~~~~[m[K
[1.376s] compilation terminated.
[1.376s] gmake[2]: *** [CMakeFiles/fake_odom_publisher.dir/build.make:76: CMakeFiles/fake_odom_publisher.dir/src/fake_odom_publisher.cpp.o] Error 1
[1.377s] gmake[1]: *** [CMakeFiles/Makefile2:165: CMakeFiles/fake_odom_publisher.dir/all] Error 2
[1.377s] gmake[1]: *** Waiting for unfinished jobs....
[1.784s] [ 75%] Built target nmpc_controller_node
[1.786s] gmake: *** [Makefile:146: all] Error 2
[1.789s] Invoked command in '/home/neel/ros2_ws/build/quadrotor_nmpc' returned '2': CMAKE_PREFIX_PATH=${CMAKE_PREFIX_PATH}:/opt/ros/jazzy DEBUGINFOD_URLS=https://debuginfod.ubuntu.com /usr/bin/cmake --build /home/neel/ros2_ws/build/quadrotor_nmpc -- -j4 -l4
