[0.148s] DEBUG:colcon:Command line arguments: ['/usr/bin/colcon', 'build', '--symlink-install']
[0.149s] DEBUG:colcon:Parsed command line arguments: Namespace(log_base=None, log_level=None, verb_name='build', build_base='build', install_base='install', merge_install=False, symlink_install=True, test_result_base=None, continue_on_error=False, executor='parallel', parallel_workers=4, event_handlers=None, ignore_user_meta=False, metas=['./colcon.meta'], base_paths=['.'], packages_ignore=None, packages_ignore_regex=None, paths=None, packages_up_to=None, packages_up_to_regex=None, packages_above=None, packages_above_and_dependencies=None, packages_above_depth=None, packages_select_by_dep=None, packages_skip_by_dep=None, packages_skip_up_to=None, packages_select_build_failed=False, packages_skip_build_finished=False, packages_select_test_failures=False, packages_skip_test_passed=False, packages_select=None, packages_skip=None, packages_select_regex=None, packages_skip_regex=None, packages_start=None, packages_end=None, allow_overriding=[], cmake_args=None, cmake_target=None, cmake_target_skip_unavailable=False, cmake_clean_cache=False, cmake_clean_first=False, cmake_force_configure=False, ament_cmake_args=None, catkin_cmake_args=None, catkin_skip_building_tests=False, mixin_files=None, mixin=None, verb_parser=<colcon_mixin.mixin.mixin_argument.MixinArgumentDecorator object at 0x74dabee50e60>, verb_extension=<colcon_core.verb.build.BuildVerb object at 0x74dabefd1070>, main=<bound method BuildVerb.main of <colcon_core.verb.build.BuildVerb object at 0x74dabefd1070>>, mixin_verb=('build',))
[0.197s] Level 1:colcon.colcon_core.package_discovery:discover_packages(colcon_meta) check parameters
[0.197s] Level 1:colcon.colcon_core.package_discovery:discover_packages(recursive) check parameters
[0.197s] Level 1:colcon.colcon_core.package_discovery:discover_packages(ignore) check parameters
[0.197s] Level 1:colcon.colcon_core.package_discovery:discover_packages(path) check parameters
[0.197s] Level 1:colcon.colcon_core.package_discovery:discover_packages(colcon_meta) discover
[0.197s] Level 1:colcon.colcon_core.package_discovery:discover_packages(recursive) discover
[0.198s] INFO:colcon.colcon_core.package_discovery:Crawling recursively for packages in '/home/neel/ros2_ws'
[0.198s] Level 1:colcon.colcon_core.package_identification:_identify(.) by extensions ['ignore', 'ignore_ament_install']
[0.198s] Level 1:colcon.colcon_core.package_identification:_identify(.) by extension 'ignore'
[0.198s] Level 1:colcon.colcon_core.package_identification:_identify(.) by extension 'ignore_ament_install'
[0.198s] Level 1:colcon.colcon_core.package_identification:_identify(.) by extensions ['colcon_pkg']
[0.198s] Level 1:colcon.colcon_core.package_identification:_identify(.) by extension 'colcon_pkg'
[0.198s] Level 1:colcon.colcon_core.package_identification:_identify(.) by extensions ['colcon_meta']
[0.198s] Level 1:colcon.colcon_core.package_identification:_identify(.) by extension 'colcon_meta'
[0.198s] Level 1:colcon.colcon_core.package_identification:_identify(.) by extensions ['ros']
[0.198s] Level 1:colcon.colcon_core.package_identification:_identify(.) by extension 'ros'
[0.227s] Level 1:colcon.colcon_core.package_identification:_identify(.) by extensions ['cmake', 'python']
[0.227s] Level 1:colcon.colcon_core.package_identification:_identify(.) by extension 'cmake'
[0.227s] Level 1:colcon.colcon_core.package_identification:_identify(.) by extension 'python'
[0.227s] Level 1:colcon.colcon_core.package_identification:_identify(.) by extensions ['python_setup_py']
[0.227s] Level 1:colcon.colcon_core.package_identification:_identify(.) by extension 'python_setup_py'
[0.227s] Level 1:colcon.colcon_core.package_identification:_identify(build) by extensions ['ignore', 'ignore_ament_install']
[0.227s] Level 1:colcon.colcon_core.package_identification:_identify(build) by extension 'ignore'
[0.227s] Level 1:colcon.colcon_core.package_identification:_identify(build) ignored
[0.228s] Level 1:colcon.colcon_core.package_identification:_identify(install) by extensions ['ignore', 'ignore_ament_install']
[0.228s] Level 1:colcon.colcon_core.package_identification:_identify(install) by extension 'ignore'
[0.228s] Level 1:colcon.colcon_core.package_identification:_identify(install) ignored
[0.228s] Level 1:colcon.colcon_core.package_identification:_identify(log) by extensions ['ignore', 'ignore_ament_install']
[0.228s] Level 1:colcon.colcon_core.package_identification:_identify(log) by extension 'ignore'
[0.228s] Level 1:colcon.colcon_core.package_identification:_identify(log) ignored
[0.228s] Level 1:colcon.colcon_core.package_identification:_identify(src) by extensions ['ignore', 'ignore_ament_install']
[0.229s] Level 1:colcon.colcon_core.package_identification:_identify(src) by extension 'ignore'
[0.229s] Level 1:colcon.colcon_core.package_identification:_identify(src) by extension 'ignore_ament_install'
[0.229s] Level 1:colcon.colcon_core.package_identification:_identify(src) by extensions ['colcon_pkg']
[0.229s] Level 1:colcon.colcon_core.package_identification:_identify(src) by extension 'colcon_pkg'
[0.229s] Level 1:colcon.colcon_core.package_identification:_identify(src) by extensions ['colcon_meta']
[0.229s] Level 1:colcon.colcon_core.package_identification:_identify(src) by extension 'colcon_meta'
[0.229s] Level 1:colcon.colcon_core.package_identification:_identify(src) by extensions ['ros']
[0.229s] Level 1:colcon.colcon_core.package_identification:_identify(src) by extension 'ros'
[0.229s] Level 1:colcon.colcon_core.package_identification:_identify(src) by extensions ['cmake', 'python']
[0.229s] Level 1:colcon.colcon_core.package_identification:_identify(src) by extension 'cmake'
[0.229s] Level 1:colcon.colcon_core.package_identification:_identify(src) by extension 'python'
[0.229s] Level 1:colcon.colcon_core.package_identification:_identify(src) by extensions ['python_setup_py']
[0.229s] Level 1:colcon.colcon_core.package_identification:_identify(src) by extension 'python_setup_py'
[0.229s] Level 1:colcon.colcon_core.package_identification:_identify(src/quadrotor_nmpc) by extensions ['ignore', 'ignore_ament_install']
[0.229s] Level 1:colcon.colcon_core.package_identification:_identify(src/quadrotor_nmpc) by extension 'ignore'
[0.229s] Level 1:colcon.colcon_core.package_identification:_identify(src/quadrotor_nmpc) by extension 'ignore_ament_install'
[0.229s] Level 1:colcon.colcon_core.package_identification:_identify(src/quadrotor_nmpc) by extensions ['colcon_pkg']
[0.229s] Level 1:colcon.colcon_core.package_identification:_identify(src/quadrotor_nmpc) by extension 'colcon_pkg'
[0.229s] Level 1:colcon.colcon_core.package_identification:_identify(src/quadrotor_nmpc) by extensions ['colcon_meta']
[0.229s] Level 1:colcon.colcon_core.package_identification:_identify(src/quadrotor_nmpc) by extension 'colcon_meta'
[0.230s] Level 1:colcon.colcon_core.package_identification:_identify(src/quadrotor_nmpc) by extensions ['ros']
[0.230s] Level 1:colcon.colcon_core.package_identification:_identify(src/quadrotor_nmpc) by extension 'ros'
[0.233s] DEBUG:colcon.colcon_core.package_identification:Package 'src/quadrotor_nmpc' with type 'ros.ament_cmake' and name 'quadrotor_nmpc'
[0.233s] Level 1:colcon.colcon_core.package_discovery:discover_packages(recursive) using defaults
[0.233s] Level 1:colcon.colcon_core.package_discovery:discover_packages(ignore) discover
[0.233s] Level 1:colcon.colcon_core.package_discovery:discover_packages(ignore) using defaults
[0.233s] Level 1:colcon.colcon_core.package_discovery:discover_packages(path) discover
[0.233s] Level 1:colcon.colcon_core.package_discovery:discover_packages(path) using defaults
[0.266s] Level 1:colcon.colcon_core.package_discovery:discover_packages(prefix_path) check parameters
[0.266s] Level 1:colcon.colcon_core.package_discovery:discover_packages(prefix_path) discover
[0.270s] DEBUG:colcon.colcon_installed_package_information.package_discovery:Found 383 installed packages in /opt/ros/jazzy
[0.271s] Level 1:colcon.colcon_core.package_discovery:discover_packages(prefix_path) using defaults
[0.317s] Level 5:colcon.colcon_core.verb:set package 'quadrotor_nmpc' build argument 'cmake_args' from command line to 'None'
[0.317s] Level 5:colcon.colcon_core.verb:set package 'quadrotor_nmpc' build argument 'cmake_target' from command line to 'None'
[0.317s] Level 5:colcon.colcon_core.verb:set package 'quadrotor_nmpc' build argument 'cmake_target_skip_unavailable' from command line to 'False'
[0.317s] Level 5:colcon.colcon_core.verb:set package 'quadrotor_nmpc' build argument 'cmake_clean_cache' from command line to 'False'
[0.317s] Level 5:colcon.colcon_core.verb:set package 'quadrotor_nmpc' build argument 'cmake_clean_first' from command line to 'False'
[0.317s] Level 5:colcon.colcon_core.verb:set package 'quadrotor_nmpc' build argument 'cmake_force_configure' from command line to 'False'
[0.317s] Level 5:colcon.colcon_core.verb:set package 'quadrotor_nmpc' build argument 'ament_cmake_args' from command line to 'None'
[0.317s] Level 5:colcon.colcon_core.verb:set package 'quadrotor_nmpc' build argument 'catkin_cmake_args' from command line to 'None'
[0.317s] Level 5:colcon.colcon_core.verb:set package 'quadrotor_nmpc' build argument 'catkin_skip_building_tests' from command line to 'False'
[0.317s] DEBUG:colcon.colcon_core.verb:Building package 'quadrotor_nmpc' with the following arguments: {'ament_cmake_args': None, 'build_base': '/home/neel/ros2_ws/build/quadrotor_nmpc', 'catkin_cmake_args': None, 'catkin_skip_building_tests': False, 'cmake_args': None, 'cmake_clean_cache': False, 'cmake_clean_first': False, 'cmake_force_configure': False, 'cmake_target': None, 'cmake_target_skip_unavailable': False, 'install_base': '/home/neel/ros2_ws/install/quadrotor_nmpc', 'merge_install': False, 'path': '/home/neel/ros2_ws/src/quadrotor_nmpc', 'symlink_install': True, 'test_result_base': None}
[0.317s] INFO:colcon.colcon_core.executor:Executing jobs using 'parallel' executor
[0.319s] DEBUG:colcon.colcon_parallel_executor.executor.parallel:run_until_complete
[0.319s] INFO:colcon.colcon_ros.task.ament_cmake.build:Building ROS package in '/home/neel/ros2_ws/src/quadrotor_nmpc' with build type 'ament_cmake'
[0.319s] INFO:colcon.colcon_cmake.task.cmake.build:Building CMake package in '/home/neel/ros2_ws/src/quadrotor_nmpc'
[0.323s] INFO:colcon.colcon_core.plugin_system:Skipping extension 'colcon_core.shell.bat': Not used on non-Windows systems
[0.324s] INFO:colcon.colcon_core.shell:Skip shell extension 'powershell' for command environment: Not usable outside of PowerShell
[0.324s] DEBUG:colcon.colcon_core.shell:Skip shell extension 'dsv' for command environment
[0.356s] DEBUG:colcon.colcon_core.event_handler.log_command:Invoking command in '/home/neel/ros2_ws/build/quadrotor_nmpc': CMAKE_PREFIX_PATH=${CMAKE_PREFIX_PATH}:/opt/ros/jazzy DEBUGINFOD_URLS=https://debuginfod.ubuntu.com /usr/bin/cmake --build /home/neel/ros2_ws/build/quadrotor_nmpc -- -j4 -l4
[7.100s] DEBUG:colcon.colcon_core.event_handler.log_command:Invoked command in '/home/neel/ros2_ws/build/quadrotor_nmpc' returned '2': CMAKE_PREFIX_PATH=${CMAKE_PREFIX_PATH}:/opt/ros/jazzy DEBUGINFOD_URLS=https://debuginfod.ubuntu.com /usr/bin/cmake --build /home/neel/ros2_ws/build/quadrotor_nmpc -- -j4 -l4
[7.101s] Level 1:colcon.colcon_core.environment:create_environment_scripts_only(quadrotor_nmpc)
[7.109s] Level 1:colcon.colcon_core.environment:checking '/home/neel/ros2_ws/install/quadrotor_nmpc' for CMake module files
[7.110s] Level 1:colcon.colcon_core.environment:checking '/home/neel/ros2_ws/install/quadrotor_nmpc' for CMake config files
[7.113s] Level 1:colcon.colcon_core.shell:create_environment_hook('quadrotor_nmpc', 'cmake_prefix_path')
[7.113s] INFO:colcon.colcon_core.shell:Creating environment hook '/home/neel/ros2_ws/install/quadrotor_nmpc/share/quadrotor_nmpc/hook/cmake_prefix_path.ps1'
[7.115s] INFO:colcon.colcon_core.shell:Creating environment descriptor '/home/neel/ros2_ws/install/quadrotor_nmpc/share/quadrotor_nmpc/hook/cmake_prefix_path.dsv'
[7.116s] INFO:colcon.colcon_core.shell:Creating environment hook '/home/neel/ros2_ws/install/quadrotor_nmpc/share/quadrotor_nmpc/hook/cmake_prefix_path.sh'
[7.120s] Level 1:colcon.colcon_core.environment:checking '/home/neel/ros2_ws/install/quadrotor_nmpc/lib'
[7.120s] Level 1:colcon.colcon_core.environment:checking '/home/neel/ros2_ws/install/quadrotor_nmpc/bin'
[7.121s] Level 1:colcon.colcon_core.environment:checking '/home/neel/ros2_ws/install/quadrotor_nmpc/lib/pkgconfig/quadrotor_nmpc.pc'
[7.121s] Level 1:colcon.colcon_core.environment:checking '/home/neel/ros2_ws/install/quadrotor_nmpc/lib/python3.12/site-packages'
[7.121s] Level 1:colcon.colcon_core.environment:checking '/home/neel/ros2_ws/install/quadrotor_nmpc/bin'
[7.122s] INFO:colcon.colcon_core.shell:Creating package script '/home/neel/ros2_ws/install/quadrotor_nmpc/share/quadrotor_nmpc/package.ps1'
[7.123s] INFO:colcon.colcon_core.shell:Creating package descriptor '/home/neel/ros2_ws/install/quadrotor_nmpc/share/quadrotor_nmpc/package.dsv'
[7.124s] INFO:colcon.colcon_core.shell:Creating package script '/home/neel/ros2_ws/install/quadrotor_nmpc/share/quadrotor_nmpc/package.sh'
[7.125s] INFO:colcon.colcon_core.shell:Creating package script '/home/neel/ros2_ws/install/quadrotor_nmpc/share/quadrotor_nmpc/package.bash'
[7.127s] INFO:colcon.colcon_core.shell:Creating package script '/home/neel/ros2_ws/install/quadrotor_nmpc/share/quadrotor_nmpc/package.zsh'
[7.129s] Level 1:colcon.colcon_core.environment:create_file_with_runtime_dependencies(/home/neel/ros2_ws/install/quadrotor_nmpc/share/colcon-core/packages/quadrotor_nmpc)
[7.142s] DEBUG:colcon.colcon_parallel_executor.executor.parallel:closing loop
[7.142s] DEBUG:colcon.colcon_parallel_executor.executor.parallel:loop closed
[7.142s] DEBUG:colcon.colcon_parallel_executor.executor.parallel:run_until_complete finished with '2'
[7.142s] DEBUG:colcon.colcon_core.event_reactor:joining thread
[7.237s] INFO:colcon.colcon_core.plugin_system:Skipping extension 'colcon_notification.desktop_notification.terminal_notifier': Not used on non-Darwin systems
[7.238s] INFO:colcon.colcon_core.plugin_system:Skipping extension 'colcon_notification.desktop_notification.win32': Not used on non-Windows systems
[7.238s] INFO:colcon.colcon_notification.desktop_notification:Sending desktop notification using 'notify2'
[7.428s] DEBUG:colcon.colcon_core.event_reactor:joined thread
[7.431s] INFO:colcon.colcon_core.shell:Creating prefix script '/home/neel/ros2_ws/install/local_setup.ps1'
[7.437s] INFO:colcon.colcon_core.shell:Creating prefix util module '/home/neel/ros2_ws/install/_local_setup_util_ps1.py'
[7.448s] INFO:colcon.colcon_core.shell:Creating prefix chain script '/home/neel/ros2_ws/install/setup.ps1'
[7.451s] INFO:colcon.colcon_core.shell:Creating prefix script '/home/neel/ros2_ws/install/local_setup.sh'
[7.454s] INFO:colcon.colcon_core.shell:Creating prefix util module '/home/neel/ros2_ws/install/_local_setup_util_sh.py'
[7.459s] INFO:colcon.colcon_core.shell:Creating prefix chain script '/home/neel/ros2_ws/install/setup.sh'
[7.463s] INFO:colcon.colcon_core.shell:Creating prefix script '/home/neel/ros2_ws/install/local_setup.bash'
[7.466s] INFO:colcon.colcon_core.shell:Creating prefix chain script '/home/neel/ros2_ws/install/setup.bash'
[7.468s] INFO:colcon.colcon_core.shell:Creating prefix script '/home/neel/ros2_ws/install/local_setup.zsh'
[7.470s] INFO:colcon.colcon_core.shell:Creating prefix chain script '/home/neel/ros2_ws/install/setup.zsh'
